<?xml version="1.0" encoding="UTF-8"?>
<testng-results ignored="0" total="4" passed="4" failed="0" skipped="0">
  <reporter-output>
  </reporter-output>
  <suite started-at="2024-02-19T05:12:38 IST" name="Default suite" finished-at="2024-02-19T05:12:46 IST" duration-ms="7288">
    <groups>
    </groups>
    <test started-at="2024-02-19T05:12:38 IST" name="Default test" finished-at="2024-02-19T05:12:46 IST" duration-ms="7288">
      <class name="com.example.demo.blazedemo.AutomationTest">
        <test-method is-config="true" signature="setUp()[pri:0, instance:com.example.demo.blazedemo.AutomationTest@6a192cfe]" started-at="2024-02-19T05:12:38 IST" name="setUp" finished-at="2024-02-19T05:12:40 IST" duration-ms="1538" status="PASS">
          <reporter-output>
          </reporter-output>
        </test-method> <!-- setUp -->
        <test-method signature="testHomePageTitle()[pri:1, instance:com.example.demo.blazedemo.AutomationTest@6a192cfe]" started-at="2024-02-19T05:12:40 IST" name="testHomePageTitle" finished-at="2024-02-19T05:12:41 IST" duration-ms="1046" status="PASS">
          <reporter-output>
          </reporter-output>
        </test-method> <!-- testHomePageTitle -->
        <test-method signature="testDestinationOfTheWeek()[pri:2, instance:com.example.demo.blazedemo.AutomationTest@6a192cfe]" started-at="2024-02-19T05:12:41 IST" name="testDestinationOfTheWeek" finished-at="2024-02-19T05:12:42 IST" depends-on-methods="com.example.demo.blazedemo.AutomationTest.testHomePageTitle" duration-ms="1296" status="PASS">
          <reporter-output>
          </reporter-output>
        </test-method> <!-- testDestinationOfTheWeek -->
        <test-method signature="testPurchaseTicket(java.lang.String,java.lang.String)[pri:3, instance:com.example.demo.blazedemo.AutomationTest@6a192cfe]" started-at="2024-02-19T05:12:42 IST" name="testPurchaseTicket" data-provider="cityData" finished-at="2024-02-19T05:12:45 IST" duration-ms="3103" status="PASS">
          <params>
            <param index="0">
              <value>
                <![CDATA[Mexico City]]>
              </value>
            </param>
            <param index="1">
              <value>
                <![CDATA[London]]>
              </value>
            </param>
          </params>
          <reporter-output>
          </reporter-output>
        </test-method> <!-- testPurchaseTicket -->
        <test-method signature="testGetID()[pri:4, instance:com.example.demo.blazedemo.AutomationTest@6a192cfe]" started-at="2024-02-19T05:12:45 IST" name="testGetID" finished-at="2024-02-19T05:12:45 IST" duration-ms="45" status="PASS">
          <reporter-output>
          </reporter-output>
        </test-method> <!-- testGetID -->
        <test-method is-config="true" signature="tearDown()[pri:0, instance:com.example.demo.blazedemo.AutomationTest@6a192cfe]" started-at="2024-02-19T05:12:45 IST" name="tearDown" finished-at="2024-02-19T05:12:46 IST" duration-ms="181" status="PASS">
          <reporter-output>
          </reporter-output>
        </test-method> <!-- tearDown -->
      </class> <!-- com.example.demo.blazedemo.AutomationTest -->
    </test> <!-- Default test -->
  </suite> <!-- Default suite -->
</testng-results>
