<?xml version="1.0" encoding="UTF-8"?>
<!-- Generated by org.testng.reporters.JUnitXMLReporter -->
<testsuite ignored="0" hostname="DESKTOP-RARDA68" failures="0" tests="4" name="Default test" time="7.288" errors="0" timestamp="2024-02-19T05:12:46 IST">
  <testcase classname="com.example.demo.blazedemo.AutomationTest" name="testHomePageTitle" time="1.046"/>
  <testcase classname="com.example.demo.blazedemo.AutomationTest" name="testDestinationOfTheWeek" time="1.296"/>
  <testcase classname="com.example.demo.blazedemo.AutomationTest" name="testPurchaseTicket" time="3.103"/>
  <testcase classname="com.example.demo.blazedemo.AutomationTest" name="testGetID" time="0.045"/>
</testsuite> <!-- Default test -->
